[2026-03-04 18:05:16 UTC] ============================================================
[2026-03-04 18:05:16 UTC] Batch 2 Cold Call Launcher starting
[2026-03-04 18:05:16 UTC] Current UTC: 2026-03-04 18:05:16
[2026-03-04 18:05:16 UTC] ============================================================
[2026-03-04 18:05:16 UTC] Batch 1 (dental, Alex): 10 businesses
[2026-03-04 18:05:16 UTC]   - Brighter Way Dental Center (+16023620744)
[2026-03-04 18:05:16 UTC]   - 1800 Emergency Dentist Phoenix 24 Hour (+14809143723)
[2026-03-04 18:05:16 UTC]   - McDowell Road Family Dentistry (+16022560605)
[2026-03-04 18:05:16 UTC]   - City Creek Dental (+18013647943)
[2026-03-04 18:05:16 UTC]   - SunDrop Dental Clinic (+18016480503)
[2026-03-04 18:05:16 UTC]   - Genesis Dental of Salt Lake (+18013553286)
[2026-03-04 18:05:16 UTC]   - Arch Rock Dental (+13857072724)
[2026-03-04 18:05:16 UTC]   - Salt Lake Donated Dental Services (+18019722747)
[2026-03-04 18:05:16 UTC]   - Valley Family Dental Care (+18018877264)
[2026-03-04 18:05:16 UTC]   - Lakeside Dental (+18015963000)
[2026-03-04 18:05:16 UTC] Batch 2 (gym/spa, Maya): 10 businesses
[2026-03-04 18:05:16 UTC]   - CrossFit Full Strength (+16023131937)
[2026-03-04 18:05:16 UTC]   - Core Collective Fitness (+16025152568)
[2026-03-04 18:05:16 UTC]   - Octane CrossFit (+16026634859)
[2026-03-04 18:05:16 UTC]   - Next Level Fitness (+16028787347)
[2026-03-04 18:05:16 UTC]   - East Valley Strength (+14808450873)
[2026-03-04 18:05:16 UTC]   - Colfax Strong Strength & Conditioning (+13038327263)
[2026-03-04 18:05:16 UTC]   - Club Form Denver (+13032962577)
[2026-03-04 18:05:16 UTC]   - CrossFit Train (+17194391965)
[2026-03-04 18:05:16 UTC]   - Omnia Fitness Collective - CrossFit and Personal Training (+17202487077)
[2026-03-04 18:05:16 UTC]   - The FIIT co. (+13037106762)
[2026-03-04 18:05:16 UTC] Waiting 17683s until 2026-03-04 23:00 UTC...
[2026-03-04 18:05:16 UTC]   ... 294.7 min remaining until launch
[2026-03-04 18:10:16 UTC]   ... 289.7 min remaining until launch
[2026-03-04 18:15:16 UTC]   ... 284.7 min remaining until launch
[2026-03-04 18:20:16 UTC]   ... 279.7 min remaining until launch
[2026-03-04 18:25:16 UTC]   ... 274.7 min remaining until launch
[2026-03-04 18:30:16 UTC]   ... 269.7 min remaining until launch
[2026-03-04 18:35:16 UTC]   ... 264.7 min remaining until launch
[2026-03-04 18:40:16 UTC]   ... 259.7 min remaining until launch
[2026-03-04 18:45:16 UTC]   ... 254.7 min remaining until launch
[2026-03-04 18:50:16 UTC]   ... 249.7 min remaining until launch
[2026-03-04 18:55:16 UTC]   ... 244.7 min remaining until launch
[2026-03-04 19:00:16 UTC]   ... 239.7 min remaining until launch
[2026-03-04 19:05:16 UTC]   ... 234.7 min remaining until launch
[2026-03-04 19:10:16 UTC]   ... 229.7 min remaining until launch
[2026-03-04 19:15:16 UTC]   ... 224.7 min remaining until launch
[2026-03-04 19:20:16 UTC]   ... 219.7 min remaining until launch
[2026-03-04 19:25:16 UTC]   ... 214.7 min remaining until launch
[2026-03-04 19:30:16 UTC]   ... 209.7 min remaining until launch
[2026-03-04 19:35:16 UTC]   ... 204.7 min remaining until launch
[2026-03-04 19:40:16 UTC]   ... 199.7 min remaining until launch
[2026-03-04 19:45:16 UTC]   ... 194.7 min remaining until launch
[2026-03-04 19:50:16 UTC]   ... 189.7 min remaining until launch
[2026-03-04 19:55:16 UTC]   ... 184.7 min remaining until launch
[2026-03-04 20:00:16 UTC]   ... 179.7 min remaining until launch
[2026-03-04 20:05:16 UTC]   ... 174.7 min remaining until launch
[2026-03-04 20:10:16 UTC]   ... 169.7 min remaining until launch
[2026-03-04 20:15:16 UTC]   ... 164.7 min remaining until launch
[2026-03-04 20:20:16 UTC]   ... 159.7 min remaining until launch
[2026-03-04 20:25:16 UTC]   ... 154.7 min remaining until launch
[2026-03-04 20:30:16 UTC]   ... 149.7 min remaining until launch
[2026-03-04 20:35:16 UTC]   ... 144.7 min remaining until launch
[2026-03-04 20:40:16 UTC]   ... 139.7 min remaining until launch
[2026-03-04 20:45:16 UTC]   ... 134.7 min remaining until launch
[2026-03-04 20:50:16 UTC]   ... 129.7 min remaining until launch
[2026-03-04 20:55:16 UTC]   ... 124.7 min remaining until launch
[2026-03-04 21:00:16 UTC]   ... 119.7 min remaining until launch
[2026-03-04 21:05:16 UTC]   ... 114.7 min remaining until launch
[2026-03-04 21:10:16 UTC]   ... 109.7 min remaining until launch
[2026-03-04 21:15:16 UTC]   ... 104.7 min remaining until launch
[2026-03-04 21:20:16 UTC]   ... 99.7 min remaining until launch
[2026-03-04 21:25:16 UTC]   ... 94.7 min remaining until launch
[2026-03-04 21:30:16 UTC]   ... 89.7 min remaining until launch
[2026-03-04 21:35:16 UTC]   ... 84.7 min remaining until launch
[2026-03-04 21:40:16 UTC]   ... 79.7 min remaining until launch
[2026-03-04 21:45:16 UTC]   ... 74.7 min remaining until launch
[2026-03-04 21:50:16 UTC]   ... 69.7 min remaining until launch
[2026-03-04 21:55:16 UTC]   ... 64.7 min remaining until launch
[2026-03-04 22:00:16 UTC]   ... 59.7 min remaining until launch
[2026-03-04 22:05:16 UTC]   ... 54.7 min remaining until launch
[2026-03-04 22:10:16 UTC]   ... 49.7 min remaining until launch
[2026-03-04 22:15:16 UTC]   ... 44.7 min remaining until launch
[2026-03-04 22:20:16 UTC]   ... 39.7 min remaining until launch
[2026-03-04 22:25:16 UTC]   ... 34.7 min remaining until launch
[2026-03-04 22:30:16 UTC]   ... 29.7 min remaining until launch
[2026-03-04 22:35:16 UTC]   ... 24.7 min remaining until launch
[2026-03-04 22:40:16 UTC]   ... 19.7 min remaining until launch
[2026-03-04 22:45:16 UTC]   ... 14.7 min remaining until launch
[2026-03-04 22:50:16 UTC]   ... 9.7 min remaining until launch
[2026-03-04 22:55:16 UTC]   ... 4.7 min remaining until launch
[2026-03-04 23:00:00 UTC] Target time reached: 2026-03-04 23:00 UTC
[2026-03-04 23:00:00 UTC] 
=== Launching Batch 1 - Dental Offices (10 calls, agent=Alex) ===
[2026-03-04 23:00:11 UTC]   ❌ Failed Brighter Way Dental Center (+16023620744): 400 Client Error: Bad Request for url: https://api.vapi.ai/call/phone
[2026-03-04 23:00:11 UTC]   Waiting 30s before next call...
[2026-03-04 23:00:46 UTC]   ❌ Failed 1800 Emergency Dentist Phoenix 24 Hour (+14809143723): 400 Client Error: Bad Request for url: https://api.vapi.ai/call/phone
[2026-03-04 23:00:46 UTC]   Waiting 30s before next call...
[2026-03-04 23:01:17 UTC]   ❌ Failed McDowell Road Family Dentistry (+16022560605): 400 Client Error: Bad Request for url: https://api.vapi.ai/call/phone
[2026-03-04 23:01:17 UTC]   Waiting 30s before next call...
[2026-03-04 23:01:49 UTC]   ❌ Failed City Creek Dental (+18013647943): 400 Client Error: Bad Request for url: https://api.vapi.ai/call/phone
[2026-03-04 23:01:49 UTC]   Waiting 30s before next call...
[2026-03-04 23:02:20 UTC]   ❌ Failed SunDrop Dental Clinic (+18016480503): 400 Client Error: Bad Request for url: https://api.vapi.ai/call/phone
[2026-03-04 23:02:20 UTC]   Waiting 30s before next call...
[2026-03-04 23:02:51 UTC]   ❌ Failed Genesis Dental of Salt Lake (+18013553286): 400 Client Error: Bad Request for url: https://api.vapi.ai/call/phone
[2026-03-04 23:02:51 UTC]   Waiting 30s before next call...
[2026-03-04 23:03:22 UTC]   ❌ Failed Arch Rock Dental (+13857072724): 400 Client Error: Bad Request for url: https://api.vapi.ai/call/phone
[2026-03-04 23:03:22 UTC]   Waiting 30s before next call...
[2026-03-04 23:03:55 UTC]   ❌ Failed Salt Lake Donated Dental Services (+18019722747): 400 Client Error: Bad Request for url: https://api.vapi.ai/call/phone
[2026-03-04 23:03:55 UTC]   Waiting 30s before next call...
[2026-03-04 23:04:26 UTC]   ❌ Failed Valley Family Dental Care (+18018877264): 400 Client Error: Bad Request for url: https://api.vapi.ai/call/phone
[2026-03-04 23:04:26 UTC]   Waiting 30s before next call...
[2026-03-04 23:04:59 UTC]   ❌ Failed Lakeside Dental (+18015963000): 400 Client Error: Bad Request for url: https://api.vapi.ai/call/phone
[2026-03-04 23:04:59 UTC]   Batch complete: 0/10 calls launched
[2026-03-04 23:04:59 UTC] 
Waiting 20 minutes before Batch 2...
[2026-03-04 23:04:59 UTC] Waiting 901s until 2026-03-04 23:20 UTC...
[2026-03-04 23:04:59 UTC]   ... 15.0 min remaining until launch
[2026-03-04 23:09:59 UTC]   ... 10.0 min remaining until launch
[2026-03-04 23:14:59 UTC]   ... 5.0 min remaining until launch
[2026-03-04 23:20:00 UTC] Target time reached: 2026-03-04 23:20 UTC
[2026-03-04 23:20:00 UTC] 
=== Launching Batch 2 - Gyms/Spas (10 calls, agent=Maya) ===
[2026-03-04 23:20:00 UTC]   ❌ Failed CrossFit Full Strength (+16023131937): 400 Client Error: Bad Request for url: https://api.vapi.ai/call/phone
[2026-03-04 23:20:00 UTC]   Waiting 30s before next call...
[2026-03-04 23:20:37 UTC]   ❌ Failed Core Collective Fitness (+16025152568): 400 Client Error: Bad Request for url: https://api.vapi.ai/call/phone
[2026-03-04 23:20:37 UTC]   Waiting 30s before next call...
[2026-03-04 23:21:09 UTC]   ❌ Failed Octane CrossFit (+16026634859): 400 Client Error: Bad Request for url: https://api.vapi.ai/call/phone
[2026-03-04 23:21:09 UTC]   Waiting 30s before next call...
[2026-03-04 23:21:41 UTC]   ❌ Failed Next Level Fitness (+16028787347): 400 Client Error: Bad Request for url: https://api.vapi.ai/call/phone
[2026-03-04 23:21:41 UTC]   Waiting 30s before next call...
[2026-03-04 23:22:12 UTC]   ❌ Failed East Valley Strength (+14808450873): 400 Client Error: Bad Request for url: https://api.vapi.ai/call/phone
[2026-03-04 23:22:12 UTC]   Waiting 30s before next call...
[2026-03-04 23:22:44 UTC]   ❌ Failed Colfax Strong Strength & Conditioning (+13038327263): 400 Client Error: Bad Request for url: https://api.vapi.ai/call/phone
[2026-03-04 23:22:44 UTC]   Waiting 30s before next call...
[2026-03-04 23:23:16 UTC]   ❌ Failed Club Form Denver (+13032962577): 400 Client Error: Bad Request for url: https://api.vapi.ai/call/phone
[2026-03-04 23:23:16 UTC]   Waiting 30s before next call...
[2026-03-04 23:23:48 UTC]   ❌ Failed CrossFit Train (+17194391965): 400 Client Error: Bad Request for url: https://api.vapi.ai/call/phone
[2026-03-04 23:23:48 UTC]   Waiting 30s before next call...
[2026-03-04 23:24:18 UTC]   ❌ Failed Omnia Fitness Collective - CrossFit and Personal Training (+17202487077): 400 Client Error: Bad Request for url: https://api.vapi.ai/call/phone
[2026-03-04 23:24:18 UTC]   Waiting 30s before next call...
[2026-03-04 23:24:49 UTC]   ❌ Failed The FIIT co. (+13037106762): 400 Client Error: Bad Request for url: https://api.vapi.ai/call/phone
[2026-03-04 23:24:49 UTC]   Batch complete: 0/10 calls launched
[2026-03-04 23:24:49 UTC] 
Waiting until 23:30 UTC to check Batch 1 results (30 min after launch)...
[2026-03-04 23:24:49 UTC] Waiting 311s until 2026-03-04 23:30 UTC...
[2026-03-04 23:24:49 UTC]   ... 5.2 min remaining until launch
[2026-03-04 23:30:00 UTC] Target time reached: 2026-03-04 23:30 UTC
[2026-03-04 23:30:00 UTC] 
=== Checking results for Batch 1 - Dental Offices ===
[2026-03-04 23:30:00 UTC] 
✅ Results saved to /root/.openclaw/workspace/assets/call-results-batch2.json
[2026-03-04 23:30:00 UTC] 
============================================================
[2026-03-04 23:30:00 UTC] FINAL SUMMARY
[2026-03-04 23:30:00 UTC] ============================================================
[2026-03-04 23:30:00 UTC] Total calls launched: 0
[2026-03-04 23:30:00 UTC]   Batch 1 (Dental/Alex): 0 calls
[2026-03-04 23:30:00 UTC]   Batch 2 (Gym-Spa/Maya): 0 calls
[2026-03-04 23:30:00 UTC] Batch 1 Results:
[2026-03-04 23:30:00 UTC]   🔥 Warm leads (>90s): 0
[2026-03-04 23:30:00 UTC]   ❌ Quick hangups (<15s): 0
[2026-03-04 23:30:00 UTC] 
Done.
